e:\dev\hazel\bin-int\debug-windows-x86_64\hazel\vc142.pdb
e:\dev\hazel\bin-int\debug-windows-x86_64\hazel\vc142.idb
e:\dev\hazel\bin-int\debug-windows-x86_64\hazel\log.obj
e:\dev\hazel\bin-int\debug-windows-x86_64\hazel\application.obj
e:\dev\hazel\bin-int\debug-windows-x86_64\hazel\windowswindow.obj
e:\dev\hazel\bin-int\debug-windows-x86_64\hazel\hazel.pch
e:\dev\hazel\bin-int\debug-windows-x86_64\hazel\hzpch.obj
e:\dev\hazel\bin\debug-windows-x86_64\hazel\hazel.lib
e:\dev\hazel\bin\debug-windows-x86_64\hazel\hazel.exp
e:\dev\hazel\bin\debug-windows-x86_64\hazel\hazel.dll
e:\dev\hazel\bin-int\debug-windows-x86_64\hazel\hazel.ilk
e:\dev\hazel\bin\debug-windows-x86_64\hazel\hazel.pdb
e:\dev\hazel\bin-int\debug-windows-x86_64\hazel\hazel.tlog\cl.command.1.tlog
e:\dev\hazel\bin-int\debug-windows-x86_64\hazel\hazel.tlog\cl.read.1.tlog
e:\dev\hazel\bin-int\debug-windows-x86_64\hazel\hazel.tlog\cl.write.1.tlog
e:\dev\hazel\bin-int\debug-windows-x86_64\hazel\hazel.tlog\hazel.write.1u.tlog
e:\dev\hazel\bin-int\debug-windows-x86_64\hazel\hazel.tlog\link.12856.delete.1.tlog
e:\dev\hazel\bin-int\debug-windows-x86_64\hazel\hazel.tlog\link.18564.delete.1.tlog
e:\dev\hazel\bin-int\debug-windows-x86_64\hazel\hazel.tlog\link.command.1.tlog
e:\dev\hazel\bin-int\debug-windows-x86_64\hazel\hazel.tlog\link.delete.1.tlog
e:\dev\hazel\bin-int\debug-windows-x86_64\hazel\hazel.tlog\link.read.1.tlog
e:\dev\hazel\bin-int\debug-windows-x86_64\hazel\hazel.tlog\link.write.1.tlog
